
+ Tue Mar 31 16:19:01 EDT 2020 job ncbi_custom_coi started in mThM.q with jobID=7467411 on compute-81-30
Search for coi[Gene] OR cox1[Gene] OR co1[Gene] had 3542977 results.
0 at 16:19:04
100000 at 16:32:59
200000 at 16:45:06
300000 at 16:57:11
400000 at 17:09:24
500000 at 17:22:07
600000 at 17:35:11
700000 at 17:49:00
800000 at 18:05:17
900000 at 18:19:22
1000000 at 18:33:02
1100000 at 18:46:53
1200000 at 19:00:40
1300000 at 19:13:54
1400000 at 19:26:55
1500000 at 19:40:20
1600000 at 19:53:51
1700000 at 20:07:13
1800000 at 20:21:24
1900000 at 20:34:57
2000000 at 20:49:25
2100000 at 21:04:28
2200000 at 21:24:06
2300000 at 21:44:08
2400000 at 22:58:33
2500000 at 23:09:18
2600000 at 23:22:27
2700000 at 23:34:52
2800000 at 23:55:30
2900000 at 00:08:25
3000000 at 00:22:56
3100000 at 00:38:28
3200000 at 00:51:57
3300000 at 01:04:30
3400000 at 01:17:53
3500000 at 01:40:28
3542939 sequences downloaded from NCBI
3531630 sequences in FASTA after filtering 
3531630 sequences in TSV after filtering
= Wed Apr 1 01:47:37 EDT 2020 job ncbi_custom_coi done
